Compiling 1 file (.ex)
Generated trivia_advisor app
[info] Starting GooglePlacesService
[info] Starting GooglePlaceImageStore


========= TESTING IMAGE DOWNLOADER WITH FORCE_REFRESH =========

======= First download with force_refresh=false =======
[info] 📸 Processing event hero image URL: https://cdn.prod.website-files.com/61ea3abbe6d146ba89ea13d7/655aadddaced22f21dc76fca_qld%20-%2010%20toes.jpg, force_refresh: false
[info] 📥 Downloading image from URL: https://cdn.prod.website-files.com/61ea3abbe6d146ba89ea13d7/655aadddaced22f21dc76fca_qld%20-%2010%20toes.jpg, force_refresh: false
[info] ✅ Image already exists at /var/folders/3v/xqslsy4j1nzgq31xwj0b_zk80000gn/T/655aadddaced22f21dc76fca_qld-10-toes.jpg (skipping download)
File path: /var/folders/3v/xqslsy4j1nzgq31xwj0b_zk80000gn/T/655aadddaced22f21dc76fca_qld-10-toes.jpg
[info] ✅ Successfully processed event hero image from https://cdn.prod.website-files.com/61ea3abbe6d146ba89ea13d7/655aadddaced22f21dc76fca_qld%20-%2010%20toes.jpg
Created at: {{2025, 3, 26}, {9, 35, 23}}
Size: 611428 bytes

======= Second download with force_refresh=true =======
[info] 📸 Processing event hero image URL: https://cdn.prod.website-files.com/61ea3abbe6d146ba89ea13d7/655aadddaced22f21dc76fca_qld%20-%2010%20toes.jpg, force_refresh: true
[info] 📥 Downloading image from URL: https://cdn.prod.website-files.com/61ea3abbe6d146ba89ea13d7/655aadddaced22f21dc76fca_qld%20-%2010%20toes.jpg, force_refresh: true
[info] 🔄 Force refreshing existing image at /var/folders/3v/xqslsy4j1nzgq31xwj0b_zk80000gn/T/655aadddaced22f21dc76fca_qld-10-toes.jpg because force_refresh=true
[info] 🗑️ Deleted existing image to force refresh
[info] 🔄 Downloading new image because file doesn't exist
File path: /var/folders/3v/xqslsy4j1nzgq31xwj0b_zk80000gn/T/655aadddaced22f21dc76fca_qld-10-toes.jpg
[info] ✅ Successfully processed event hero image from https://cdn.prod.website-files.com/61ea3abbe6d146ba89ea13d7/655aadddaced22f21dc76fca_qld%20-%2010%20toes.jpg
Created at: {{2025, 3, 26}, {9, 36, 12}}
Size: 611428 bytes

✅ SUCCESS: force_refresh=true caused the file to be re-downloaded (timestamps differ)

Now let's check what happens in the Oban job context...

======= Inserting QuizmeistersIndexJob with force_refresh_images=true =======
Job inserted with ID: 27655
Check the logs for 'force_refresh: false' messages despite sending 'force_refresh_images: true'
This will confirm if the flag is correctly propagated to the image downloaders

========= TEST COMPLETED =========
If you saw direct calls work with force_refresh=true but the
logs from the Oban job showed force_refresh=false, then there's
a flag propagation issue between the job and the image downloader.
